\BOOKMARK [0][-]{chapter*.1}{\376\377\000K\000a\000t\000a\000\040\000P\000e\000n\000g\000a\000n\000t\000a\000r}{}% 1
\BOOKMARK [0][-]{section*.2}{\376\377\000D\000a\000f\000t\000a\000r\000\040\000I\000s\000i}{}% 2
\BOOKMARK [0][-]{section*.3}{\376\377\000D\000a\000f\000t\000a\000r\000\040\000G\000a\000m\000b\000a\000r}{}% 3
\BOOKMARK [0][-]{section*.4}{\376\377\000D\000a\000f\000t\000a\000r\000\040\000T\000a\000b\000e\000l}{}% 4
\BOOKMARK [0][-]{chapter.1}{\376\377\000P\000e\000n\000d\000a\000h\000u\000l\000u\000a\000n}{}% 5
\BOOKMARK [1][-]{section.1.1}{\376\377\000L\000a\000t\000a\000r\000\040\000B\000e\000l\000a\000k\000a\000n\000g}{chapter.1}% 6
\BOOKMARK [1][-]{section.1.2}{\376\377\000R\000u\000m\000u\000s\000a\000n\000\040\000M\000a\000s\000a\000l\000a\000h}{chapter.1}% 7
\BOOKMARK [1][-]{section.1.3}{\376\377\000T\000u\000j\000u\000a\000n}{chapter.1}% 8
\BOOKMARK [1][-]{section.1.4}{\376\377\000B\000a\000t\000a\000s\000a\000n\000\040\000M\000a\000s\000a\000l\000a\000h}{chapter.1}% 9
\BOOKMARK [1][-]{section.1.5}{\376\377\000M\000e\000t\000o\000d\000o\000l\000o\000g\000i}{chapter.1}% 10
\BOOKMARK [1][-]{section.1.6}{\376\377\000S\000i\000s\000t\000e\000m\000a\000t\000i\000k\000a\000\040\000P\000e\000m\000b\000a\000h\000a\000s\000a\000n}{chapter.1}% 11
\BOOKMARK [0][-]{chapter.2}{\376\377\000L\000a\000n\000d\000a\000s\000a\000n\000\040\000T\000e\000o\000r\000i}{}% 12
\BOOKMARK [1][-]{section.2.1}{\376\377\000P\000e\000n\000j\000a\000d\000w\000a\000l\000a\000n\000\040\000S\000e\000c\000a\000r\000a\000\040\000U\000m\000u\000m}{chapter.2}% 13
\BOOKMARK [2][-]{subsection.2.1.1}{\376\377\000I\000s\000t\000i\000l\000a\000h\000-\000I\000s\000t\000i\000l\000a\000h\000\040\000d\000a\000l\000a\000m\000\040\000P\000e\000n\000j\000a\000d\000w\000a\000l\000a\000n}{section.2.1}% 14
\BOOKMARK [2][-]{subsection.2.1.2}{\376\377\000K\000l\000a\000s\000i\000f\000i\000k\000a\000s\000i\000\040\000M\000a\000s\000a\000l\000a\000h\000\040\000P\000e\000n\000j\000a\000d\000w\000a\000l\000a\000n}{section.2.1}% 15
\BOOKMARK [1][-]{section.2.2}{\376\377\000P\000e\000n\000j\000a\000d\000w\000a\000l\000a\000n\000\040\000F\000l\000o\000w\000\040\000S\000h\000o\000p}{chapter.2}% 16
\BOOKMARK [2][-]{subsection.2.2.1}{\376\377\000D\000e\000f\000i\000n\000i\000s\000i\000\040\000S\000e\000c\000a\000r\000a\000\040\000U\000m\000u\000m}{section.2.2}% 17
\BOOKMARK [2][-]{subsection.2.2.2}{\376\377\000K\000a\000r\000a\000k\000t\000e\000r\000i\000s\000t\000i\000k\000\040\000P\000e\000n\000j\000a\000d\000w\000a\000l\000a\000n\000\040\000F\000l\000o\000w\000\040\000S\000h\000o\000p}{section.2.2}% 18
\BOOKMARK [1][-]{section.2.3}{\376\377\000M\000u\000l\000t\000i\000\040\000O\000b\000j\000e\000c\000t\000i\000v\000e\000\040\000F\000l\000o\000w\000\040\000S\000h\000o\000p\000\040\000S\000c\000h\000e\000d\000u\000l\000i\000n\000g}{chapter.2}% 19
\BOOKMARK [1][-]{section.2.4}{\376\377\000A\000n\000t\000\040\000C\000o\000l\000o\000n\000y\000\040\000O\000p\000t\000i\000m\000i\000z\000a\000t\000i\000o\000n}{chapter.2}% 20
\BOOKMARK [2][-]{subsection.2.4.1}{\376\377\000A\000l\000g\000o\000r\000i\000t\000m\000a\000\040\000A\000n\000t\000\040\000C\000o\000l\000o\000n\000y\000\040\000O\000p\000t\000i\000m\000i\000z\000a\000t\000i\000o\000n\000\040\000p\000a\000d\000a\000\040\000p\000e\000n\000j\000a\000d\000w\000a\000l\000a\000n\000\040\000F\000l\000o\000w\000\040\000S\000h\000o\000p}{section.2.4}% 21
\BOOKMARK [1][-]{section.2.5}{\376\377\000T\000a\000i\000l\000a\000r\000d\000\040\000B\000e\000n\000c\000h\000m\000a\000r\000k}{chapter.2}% 22
\BOOKMARK [0][-]{chapter*.5}{\376\377\000D\000a\000f\000t\000a\000r\000\040\000R\000e\000f\000e\000r\000e\000n\000s\000i}{}% 23
\BOOKMARK [0][-]{appendix.A}{\376\377\000K\000o\000d\000e\000\040\000P\000r\000o\000g\000r\000a\000m}{}% 24
\BOOKMARK [0][-]{appendix.B}{\376\377\000H\000a\000s\000i\000l\000\040\000E\000k\000s\000p\000e\000r\000i\000m\000e\000n}{}% 25
